INFO:root:tc01 ok
INFO:root:tc02 ok
INFO:root:tc03 ok
INFO:root:tc04 ok
INFO:root:tc04 ok
INFO:root:tc06 ok
INFO:root:tc07 ok
INFO:root:tc08 couleur ok
INFO:root:tc08 police ok
INFO:root:tc08 police ok
INFO:root:tc08 couleur ok
INFO:root:tc08 police ok
INFO:root:tc08 bordure ok
INFO:root:tc09  ok
INFO:root:tc11  ok
INFO:root:affichage  popup success ok
INFO:root:affichage  popup success ok
INFO:root:tc10  admi ok pasword ok test ok
INFO:root:tc10  admi ok pasword ok test ok
INFO:root:tc10  admi ok pasword ok test nul
INFO:root:tc10  admi ok pasword ok test ok
INFO:root:tc10  admi ok pasword nul test nul
INFO:root:tc10  admi ok pasword ok test ok
INFO:root:tc10  admi ok pasword nul test nul
INFO:root:tc10  admi ok pasword ok test ok
INFO:root:tc10  admi ok pasword nul test ok
